#
# A fatal error has been detected by the Java Runtime Environment:
#
#  Internal Error (classFileParser.cpp:3494), pid=7734, tid=3061013312
#  Error: ShouldNotReachHere()
#
# JRE version: 6.0_24-b24
# Java VM: OpenJDK Server VM (20.0-b12 mixed mode linux-x86 )
# Derivative: IcedTea6 1.11.3
# Distribution: Ubuntu 12.04 LTS, package 6b24-1.11.3-1ubuntu0.12.04.1
# If you would like to submit a bug report, please include
# instructions how to reproduce the bug and visit:
#   https://bugs.launchpad.net/ubuntu/+source/openjdk-6/
#

---------------  T H R E A D  ---------------

Current thread (0xb6505400):  JavaThread "Unknown thread" [_thread_in_vm, id=7735, stack(0xb66e5000,0xb6736000)]

Stack: [0xb66e5000,0xb6736000]
[error occurred during error reporting (printing stack bounds), id 0xb]


[error occurred during error reporting (printing native stack), id 0xb]


---------------  P R O C E S S  ---------------

Java Threads: ( => current thread )

Other Threads:

=>0xb6505400 (exited) JavaThread "Unknown thread" [_thread_in_vm, id=7735, stack(0xb66e5000,0xb6736000)]

VM state:not at safepoint (not fully initialized)

VM Mutex/Monitor currently owned by a thread: None

Dynamic libraries:
08048000-08051000 r-xp 00000000 08:35 537483     /usr/lib/jvm/java-6-openjdk-i386/jre/bin/java
08051000-08052000 r--p 00008000 08:35 537483     /usr/lib/jvm/java-6-openjdk-i386/jre/bin/java
08052000-08053000 rw-p 00009000 08:35 537483     /usr/lib/jvm/java-6-openjdk-i386/jre/bin/java
08d32000-08d53000 rw-p 00000000 00:00 0          [heap]
6a042000-6a100000 r--s 0103e000 00:14 3284639    /home/pascal/android-sdks/platforms/android-14/android.jar
6a100000-6a121000 rw-p 00000000 00:00 0 
6a121000-6a200000 ---p 00000000 00:00 0 
6a27f000-6a280000 ---p 00000000 00:00 0 
6a280000-6a300000 rw-p 00000000 00:00 0 
6a300000-6a321000 rw-p 00000000 00:00 0 
6a321000-6a400000 ---p 00000000 00:00 0 
6a47f000-6a480000 ---p 00000000 00:00 0 
6a480000-6a500000 rw-p 00000000 00:00 0 
6a500000-6a521000 rw-p 00000000 00:00 0 
6a521000-6a600000 ---p 00000000 00:00 0 
6a67f000-6a680000 ---p 00000000 00:00 0 
6a680000-6a700000 rw-p 00000000 00:00 0 
6a700000-6a721000 rw-p 00000000 00:00 0 
6a721000-6a800000 ---p 00000000 00:00 0 
6a87f000-6a880000 ---p 00000000 00:00 0 
6a880000-6a900000 rw-p 00000000 00:00 0 
6a900000-6a921000 rw-p 00000000 00:00 0 
6a921000-6aa00000 ---p 00000000 00:00 0 
6aa7f000-6aa80000 ---p 00000000 00:00 0 
6aa80000-6ab00000 rw-p 00000000 00:00 0 
6ab00000-6ab21000 rw-p 00000000 00:00 0 
6ab21000-6ac00000 ---p 00000000 00:00 0 
6ac7f000-6ac80000 ---p 00000000 00:00 0 
6ac80000-6ad00000 rw-p 00000000 00:00 0 
6ad00000-6ad21000 rw-p 00000000 00:00 0 
6ad21000-6ae00000 ---p 00000000 00:00 0 
6ae7f000-6ae80000 ---p 00000000 00:00 0 
6ae80000-6af00000 rw-p 00000000 00:00 0 
6af00000-6af21000 rw-p 00000000 00:00 0 
6af21000-6b000000 ---p 00000000 00:00 0 
6b028000-6b029000 ---p 00000000 00:00 0 
6b029000-6b0bf000 rw-p 00000000 00:00 0 
6b0bf000-6b1ff000 rw-p 00000000 00:00 0 
6b1ff000-6b207000 rw-p 00000000 00:00 0 
6b207000-6b23f000 rw-p 00000000 00:00 0 
6b23f000-6b255000 rw-p 00000000 00:00 0 
6b255000-6b394000 rw-p 00000000 00:00 0 
6b394000-6b39f000 rw-p 00000000 00:00 0 
6b39f000-6b43f000 rw-p 00000000 00:00 0 
6b43f000-6c440000 rw-p 00000000 00:00 0 
6c440000-73440000 rw-p 00000000 00:00 0 
73440000-75ef0000 rw-p 00000000 00:00 0 
75ef0000-9def0000 rw-p 00000000 00:00 0 
9def0000-9f440000 rw-p 00000000 00:00 0 
9f440000-b3440000 rw-p 00000000 00:00 0 
b3440000-b3449000 rw-p 00000000 00:00 0 
b3449000-b3500000 rw-p 00000000 00:00 0 
b3500000-b3740000 rwxp 00000000 00:00 0 
b3740000-b6568000 rw-p 00000000 00:00 0 
b6568000-b6600000 ---p 00000000 00:00 0 
b6621000-b6629000 rw-p 00000000 00:00 0 
b6629000-b6661000 rw-p 00000000 00:00 0 
b6661000-b666c000 r-xp 00000000 08:35 526292     /lib/i386-linux-gnu/libnss_files-2.15.so
b666c000-b666d000 r--p 0000a000 08:35 526292     /lib/i386-linux-gnu/libnss_files-2.15.so
b666d000-b666e000 rw-p 0000b000 08:35 526292     /lib/i386-linux-gnu/libnss_files-2.15.so
b666e000-b6678000 r-xp 00000000 08:35 526296     /lib/i386-linux-gnu/libnss_nis-2.15.so
b6678000-b6679000 r--p 00009000 08:35 526296     /lib/i386-linux-gnu/libnss_nis-2.15.so
b6679000-b667a000 rw-p 0000a000 08:35 526296     /lib/i386-linux-gnu/libnss_nis-2.15.so
b667a000-b6690000 r-xp 00000000 08:35 526286     /lib/i386-linux-gnu/libnsl-2.15.so
b6690000-b6691000 r--p 00015000 08:35 526286     /lib/i386-linux-gnu/libnsl-2.15.so
b6691000-b6692000 rw-p 00016000 08:35 526286     /lib/i386-linux-gnu/libnsl-2.15.so
b6692000-b6694000 rw-p 00000000 00:00 0 
b6694000-b669b000 r-xp 00000000 08:35 526288     /lib/i386-linux-gnu/libnss_compat-2.15.so
b669b000-b669c000 r--p 00006000 08:35 526288     /lib/i386-linux-gnu/libnss_compat-2.15.so
b669c000-b669d000 rw-p 00007000 08:35 526288     /lib/i386-linux-gnu/libnss_compat-2.15.so
b66a2000-b66a9000 r-xp 00000000 08:35 552227     /usr/lib/jvm/java-6-openjdk-i386/jre/lib/i386/libzip.so
b66a9000-b66aa000 r--p 00006000 08:35 552227     /usr/lib/jvm/java-6-openjdk-i386/jre/lib/i386/libzip.so
b66aa000-b66ab000 rw-p 00007000 08:35 552227     /usr/lib/jvm/java-6-openjdk-i386/jre/lib/i386/libzip.so
b66ab000-b66b3000 rw-s 00000000 08:35 789970     /tmp/hsperfdata_pascal/7734
b66b3000-b66d9000 r-xp 00000000 08:35 552224     /usr/lib/jvm/java-6-openjdk-i386/jre/lib/i386/libjava.so
b66d9000-b66da000 r--p 00025000 08:35 552224     /usr/lib/jvm/java-6-openjdk-i386/jre/lib/i386/libjava.so
b66da000-b66dc000 rw-p 00026000 08:35 552224     /usr/lib/jvm/java-6-openjdk-i386/jre/lib/i386/libjava.so
b66dc000-b66e3000 r-xp 00000000 08:35 526327     /lib/i386-linux-gnu/librt-2.15.so
b66e3000-b66e4000 r--p 00006000 08:35 526327     /lib/i386-linux-gnu/librt-2.15.so
b66e4000-b66e5000 rw-p 00007000 08:35 526327     /lib/i386-linux-gnu/librt-2.15.so
b66e5000-b66e8000 ---p 00000000 00:00 0 
b66e8000-b6736000 rw-p 00000000 00:00 0 
b6736000-b6752000 r-xp 00000000 08:35 526262     /lib/i386-linux-gnu/libgcc_s.so.1
b6752000-b6753000 r--p 0001b000 08:35 526262     /lib/i386-linux-gnu/libgcc_s.so.1
b6753000-b6754000 rw-p 0001c000 08:35 526262     /lib/i386-linux-gnu/libgcc_s.so.1
b6754000-b677e000 r-xp 00000000 08:35 526273     /lib/i386-linux-gnu/libm-2.15.so
b677e000-b677f000 r--p 00029000 08:35 526273     /lib/i386-linux-gnu/libm-2.15.so
b677f000-b6780000 rw-p 0002a000 08:35 526273     /lib/i386-linux-gnu/libm-2.15.so
b6780000-b6858000 r-xp 00000000 08:35 661290     /usr/lib/i386-linux-gnu/libstdc++.so.6.0.16
b6858000-b6859000 ---p 000d8000 08:35 661290     /usr/lib/i386-linux-gnu/libstdc++.so.6.0.16
b6859000-b685d000 r--p 000d8000 08:35 661290     /usr/lib/i386-linux-gnu/libstdc++.so.6.0.16
b685d000-b685e000 rw-p 000dc000 08:35 661290     /usr/lib/i386-linux-gnu/libstdc++.so.6.0.16
b685e000-b6865000 rw-p 00000000 00:00 0 
b6865000-b7083000 r-xp 00000000 08:35 552236     /usr/lib/jvm/java-6-openjdk-i386/jre/lib/i386/server/libjvm.so
b7083000-b70c8000 r--p 0081e000 08:35 552236     /usr/lib/jvm/java-6-openjdk-i386/jre/lib/i386/server/libjvm.so
b70c8000-b70d7000 rw-p 00863000 08:35 552236     /usr/lib/jvm/java-6-openjdk-i386/jre/lib/i386/server/libjvm.so
b70d7000-b74f3000 rw-p 00000000 00:00 0 
b74f3000-b7507000 r-xp 00000000 08:35 526352     /lib/i386-linux-gnu/libz.so.1.2.3.4
b7507000-b7508000 r--p 00013000 08:35 526352     /lib/i386-linux-gnu/libz.so.1.2.3.4
b7508000-b7509000 rw-p 00014000 08:35 526352     /lib/i386-linux-gnu/libz.so.1.2.3.4
b7509000-b76a8000 r-xp 00000000 08:35 526241     /lib/i386-linux-gnu/libc-2.15.so
b76a8000-b76aa000 r--p 0019f000 08:35 526241     /lib/i386-linux-gnu/libc-2.15.so
b76aa000-b76ab000 rw-p 001a1000 08:35 526241     /lib/i386-linux-gnu/libc-2.15.so
b76ab000-b76ae000 rw-p 00000000 00:00 0 
b76ae000-b76b1000 r-xp 00000000 08:35 526254     /lib/i386-linux-gnu/libdl-2.15.so
b76b1000-b76b2000 r--p 00002000 08:35 526254     /lib/i386-linux-gnu/libdl-2.15.so
b76b2000-b76b3000 rw-p 00003000 08:35 526254     /lib/i386-linux-gnu/libdl-2.15.so
b76b3000-b76b7000 r-xp 00000000 08:35 552249     /usr/lib/jvm/java-6-openjdk-i386/jre/lib/i386/jli/libjli.so
b76b7000-b76b8000 r--p 00003000 08:35 552249     /usr/lib/jvm/java-6-openjdk-i386/jre/lib/i386/jli/libjli.so
b76b8000-b76b9000 rw-p 00004000 08:35 552249     /usr/lib/jvm/java-6-openjdk-i386/jre/lib/i386/jli/libjli.so
b76b9000-b76ba000 rw-p 00000000 00:00 0 
b76ba000-b76d1000 r-xp 00000000 08:35 526321     /lib/i386-linux-gnu/libpthread-2.15.so
b76d1000-b76d2000 r--p 00016000 08:35 526321     /lib/i386-linux-gnu/libpthread-2.15.so
b76d2000-b76d3000 rw-p 00017000 08:35 526321     /lib/i386-linux-gnu/libpthread-2.15.so
b76d3000-b76d5000 rw-p 00000000 00:00 0 
b76db000-b76dc000 rw-p 00000000 00:00 0 
b76dc000-b76dd000 r--p 00000000 00:00 0 
b76dd000-b76e8000 r-xp 00000000 08:35 552256     /usr/lib/jvm/java-6-openjdk-i386/jre/lib/i386/libverify.so
b76e8000-b76e9000 ---p 0000b000 08:35 552256     /usr/lib/jvm/java-6-openjdk-i386/jre/lib/i386/libverify.so
b76e9000-b76ea000 r--p 0000b000 08:35 552256     /usr/lib/jvm/java-6-openjdk-i386/jre/lib/i386/libverify.so
b76ea000-b76eb000 rw-p 0000c000 08:35 552256     /usr/lib/jvm/java-6-openjdk-i386/jre/lib/i386/libverify.so
b76eb000-b76ed000 rw-p 00000000 00:00 0 
b76ed000-b76ee000 r-xp 00000000 00:00 0          [vdso]
b76ee000-b770e000 r-xp 00000000 08:35 526221     /lib/i386-linux-gnu/ld-2.15.so
b770e000-b770f000 r--p 0001f000 08:35 526221     /lib/i386-linux-gnu/ld-2.15.so
b770f000-b7710000 rw-p 00020000 08:35 526221     /lib/i386-linux-gnu/ld-2.15.so
bfb1f000-bfb40000 rw-p 00000000 00:00 0          [stack]

VM Arguments:
jvm_args: -Dfile.encoding=UTF-8 -Xbootclasspath:/home/pascal/android-sdks/platforms/android-14/android.jar 
java_command: de.htwg.tetris.Tetris
Launcher Type: SUN_STANDARD

Environment Variables:
PATH=/usr/lib/lightdm/lightdm:/usr/local/sbin:/usr/local/bin:/usr/sbin:/usr/bin:/sbin:/bin:/usr/games
LD_LIBRARY_PATH=/usr/lib/jvm/java-6-openjdk-i386/jre/lib/i386/server:/usr/lib/jvm/java-6-openjdk-i386/jre/lib/i386:/usr/lib/jvm/java-6-openjdk-i386/jre/../lib/i386:/usr/lib/jvm/java-6-openjdk-i386/jre/lib/i386/client:/usr/lib/jvm/java-6-openjdk-i386/jre/lib/i386:
SHELL=/bin/bash
DISPLAY=:0

Signal Handlers:
SIGSEGV: [libjvm.so+0x66a270], sa_mask[0]=0x7ffbfeff, sa_flags=0x10000004
SIGBUS: [libjvm.so+0x66a270], sa_mask[0]=0x7ffbfeff, sa_flags=0x10000004
SIGFPE: [libjvm.so+0x52e160], sa_mask[0]=0x7ffbfeff, sa_flags=0x10000004
SIGPIPE: [libjvm.so+0x52e160], sa_mask[0]=0x7ffbfeff, sa_flags=0x10000004
SIGXFSZ: [libjvm.so+0x52e160], sa_mask[0]=0x7ffbfeff, sa_flags=0x10000004
SIGILL: [libjvm.so+0x52e160], sa_mask[0]=0x7ffbfeff, sa_flags=0x10000004
SIGUSR1: SIG_DFL, sa_mask[0]=0x00000000, sa_flags=0x00000000
SIGUSR2: [libjvm.so+0x52dff0], sa_mask[0]=0x00000004, sa_flags=0x10000004
SIGHUP: SIG_DFL, sa_mask[0]=0x00000000, sa_flags=0x00000000
SIGINT: SIG_DFL, sa_mask[0]=0x00000000, sa_flags=0x00000000
SIGTERM: SIG_DFL, sa_mask[0]=0x00000000, sa_flags=0x00000000
SIGQUIT: SIG_DFL, sa_mask[0]=0x00000000, sa_flags=0x00000000


---------------  S Y S T E M  ---------------

OS:Ubuntu 12.04 (precise)
uname:Linux 3.2.0-26-generic-pae #41-Ubuntu SMP Thu Jun 14 16:45:14 UTC 2012 i686
libc:glibc 2.15 NPTL 2.15 
rlimit: STACK 8192k, CORE 0k, NPROC 64376, NOFILE 4096, AS infinity
load average:0.75 0.79 0.85

/proc/meminfo:
MemTotal:        8260156 kB
MemFree:         4341576 kB
Buffers:          137844 kB
Cached:          2050692 kB
SwapCached:            0 kB
Active:          1750976 kB
Inactive:        1667976 kB
Active(anon):    1232328 kB
Inactive(anon):    20724 kB
Active(file):     518648 kB
Inactive(file):  1647252 kB
Unevictable:          16 kB
Mlocked:              16 kB
HighTotal:       7466440 kB
HighFree:        3817220 kB
LowTotal:         793716 kB
LowFree:          524356 kB
SwapTotal:       4881404 kB
SwapFree:        4881404 kB
Dirty:               176 kB
Writeback:             0 kB
AnonPages:       1230544 kB
Mapped:           395088 kB
Shmem:             22868 kB
Slab:              91116 kB
SReclaimable:      50352 kB
SUnreclaim:        40764 kB
KernelStack:        4544 kB
PageTables:        14836 kB
NFS_Unstable:          0 kB
Bounce:                0 kB
WritebackTmp:          0 kB
CommitLimit:     9011480 kB
Committed_AS:    4487012 kB
VmallocTotal:     122880 kB
VmallocUsed:       30000 kB
VmallocChunk:      83880 kB
HardwareCorrupted:     0 kB
AnonHugePages:         0 kB
HugePages_Total:       0
HugePages_Free:        0
HugePages_Rsvd:        0
HugePages_Surp:        0
Hugepagesize:       2048 kB
DirectMap4k:        8184 kB
DirectMap2M:      905216 kB


CPU:total 8 (4 cores per cpu, 2 threads per core) family 6 model 30 stepping 5, cmov, cx8, fxsr, mmx, sse, sse2, sse3, ssse3, sse4.1, sse4.2, popcnt, ht

Memory: 4k page, physical 8260156k(4341576k free), swap 4881404k(4881404k free)

vm_info: OpenJDK Server VM (20.0-b12) for linux-x86 JRE (1.6.0_24-b24), built on Jun 26 2012 22:36:29 by "buildd" with gcc 4.6.3

time: Fri Jul 20 07:04:56 2012
elapsed time: 0 seconds

