#
# A fatal error has been detected by the Java Runtime Environment:
#
#  Internal Error (classFileParser.cpp:3494), pid=26586, tid=3061758784
#  Error: ShouldNotReachHere()
#
# JRE version: 6.0_24-b24
# Java VM: OpenJDK Server VM (20.0-b12 mixed mode linux-x86 )
# Derivative: IcedTea6 1.11.1
# Distribution: Ubuntu 12.04 LTS, package 6b24-1.11.1-4ubuntu3
# If you would like to submit a bug report, please include
# instructions how to reproduce the bug and visit:
#   https://bugs.launchpad.net/ubuntu/+source/openjdk-6/
#

---------------  T H R E A D  ---------------

Current thread (0xb6605400):  JavaThread "Unknown thread" [_thread_in_vm, id=26587, stack(0xb679b000,0xb67ec000)]

Stack: [0xb679b000,0xb67ec000]
[error occurred during error reporting (printing stack bounds), id 0xb]


[error occurred during error reporting (printing native stack), id 0xb]


---------------  P R O C E S S  ---------------

Java Threads: ( => current thread )

Other Threads:

=>0xb6605400 (exited) JavaThread "Unknown thread" [_thread_in_vm, id=26587, stack(0xb679b000,0xb67ec000)]

VM state:not at safepoint (not fully initialized)

VM Mutex/Monitor currently owned by a thread: None

Dynamic libraries:
08048000-08051000 r-xp 00000000 08:35 537518     /usr/lib/jvm/java-6-openjdk-i386/jre/bin/java
08051000-08052000 r--p 00008000 08:35 537518     /usr/lib/jvm/java-6-openjdk-i386/jre/bin/java
08052000-08053000 rw-p 00009000 08:35 537518     /usr/lib/jvm/java-6-openjdk-i386/jre/bin/java
09017000-09038000 rw-p 00000000 00:00 0          [heap]
6a142000-6a200000 r--s 0103e000 00:14 3284639    /home/pascal/android-sdks/platforms/android-14/android.jar
6a200000-6a221000 rw-p 00000000 00:00 0 
6a221000-6a300000 ---p 00000000 00:00 0 
6a37f000-6a380000 ---p 00000000 00:00 0 
6a380000-6a400000 rw-p 00000000 00:00 0 
6a400000-6a421000 rw-p 00000000 00:00 0 
6a421000-6a500000 ---p 00000000 00:00 0 
6a57f000-6a580000 ---p 00000000 00:00 0 
6a580000-6a600000 rw-p 00000000 00:00 0 
6a600000-6a621000 rw-p 00000000 00:00 0 
6a621000-6a700000 ---p 00000000 00:00 0 
6a77f000-6a780000 ---p 00000000 00:00 0 
6a780000-6a800000 rw-p 00000000 00:00 0 
6a800000-6a821000 rw-p 00000000 00:00 0 
6a821000-6a900000 ---p 00000000 00:00 0 
6a97f000-6a980000 ---p 00000000 00:00 0 
6a980000-6aa00000 rw-p 00000000 00:00 0 
6aa00000-6aa21000 rw-p 00000000 00:00 0 
6aa21000-6ab00000 ---p 00000000 00:00 0 
6ab7f000-6ab80000 ---p 00000000 00:00 0 
6ab80000-6ac00000 rw-p 00000000 00:00 0 
6ac00000-6ac21000 rw-p 00000000 00:00 0 
6ac21000-6ad00000 ---p 00000000 00:00 0 
6ad00000-6ad21000 rw-p 00000000 00:00 0 
6ad21000-6ae00000 ---p 00000000 00:00 0 
6ae7f000-6ae80000 ---p 00000000 00:00 0 
6ae80000-6af00000 rw-p 00000000 00:00 0 
6af00000-6af21000 rw-p 00000000 00:00 0 
6af21000-6b000000 ---p 00000000 00:00 0 
6b067000-6b068000 ---p 00000000 00:00 0 
6b068000-6b0e8000 rw-p 00000000 00:00 0 
6b0e8000-6b0e9000 ---p 00000000 00:00 0 
6b0e9000-6b171000 rw-p 00000000 00:00 0 
6b171000-6b1a9000 rw-p 00000000 00:00 0 
6b1a9000-6b1bf000 rw-p 00000000 00:00 0 
6b1bf000-6b2ff000 rw-p 00000000 00:00 0 
6b2ff000-6b307000 rw-p 00000000 00:00 0 
6b307000-6b33f000 rw-p 00000000 00:00 0 
6b33f000-6b355000 rw-p 00000000 00:00 0 
6b355000-6b494000 rw-p 00000000 00:00 0 
6b494000-6b49f000 rw-p 00000000 00:00 0 
6b49f000-6b53f000 rw-p 00000000 00:00 0 
6b53f000-6c540000 rw-p 00000000 00:00 0 
6c540000-73540000 rw-p 00000000 00:00 0 
73540000-75ff0000 rw-p 00000000 00:00 0 
75ff0000-9dff0000 rw-p 00000000 00:00 0 
9dff0000-9f540000 rw-p 00000000 00:00 0 
9f540000-b3540000 rw-p 00000000 00:00 0 
b3540000-b3549000 rw-p 00000000 00:00 0 
b3549000-b3600000 rw-p 00000000 00:00 0 
b3600000-b3840000 rwxp 00000000 00:00 0 
b3840000-b6668000 rw-p 00000000 00:00 0 
b6668000-b6700000 ---p 00000000 00:00 0 
b6718000-b6723000 r-xp 00000000 08:35 526292     /lib/i386-linux-gnu/libnss_files-2.15.so
b6723000-b6724000 r--p 0000a000 08:35 526292     /lib/i386-linux-gnu/libnss_files-2.15.so
b6724000-b6725000 rw-p 0000b000 08:35 526292     /lib/i386-linux-gnu/libnss_files-2.15.so
b6725000-b672f000 r-xp 00000000 08:35 526296     /lib/i386-linux-gnu/libnss_nis-2.15.so
b672f000-b6730000 r--p 00009000 08:35 526296     /lib/i386-linux-gnu/libnss_nis-2.15.so
b6730000-b6731000 rw-p 0000a000 08:35 526296     /lib/i386-linux-gnu/libnss_nis-2.15.so
b6731000-b6747000 r-xp 00000000 08:35 526286     /lib/i386-linux-gnu/libnsl-2.15.so
b6747000-b6748000 r--p 00015000 08:35 526286     /lib/i386-linux-gnu/libnsl-2.15.so
b6748000-b6749000 rw-p 00016000 08:35 526286     /lib/i386-linux-gnu/libnsl-2.15.so
b6749000-b674b000 rw-p 00000000 00:00 0 
b674b000-b6752000 r-xp 00000000 08:35 526288     /lib/i386-linux-gnu/libnss_compat-2.15.so
b6752000-b6753000 r--p 00006000 08:35 526288     /lib/i386-linux-gnu/libnss_compat-2.15.so
b6753000-b6754000 rw-p 00007000 08:35 526288     /lib/i386-linux-gnu/libnss_compat-2.15.so
b6758000-b675f000 r-xp 00000000 08:35 537537     /usr/lib/jvm/java-6-openjdk-i386/jre/lib/i386/libzip.so
b675f000-b6760000 r--p 00006000 08:35 537537     /usr/lib/jvm/java-6-openjdk-i386/jre/lib/i386/libzip.so
b6760000-b6761000 rw-p 00007000 08:35 537537     /usr/lib/jvm/java-6-openjdk-i386/jre/lib/i386/libzip.so
b6761000-b6769000 rw-s 00000000 08:35 789146     /tmp/hsperfdata_pascal/26586
b6769000-b678f000 r-xp 00000000 08:35 537534     /usr/lib/jvm/java-6-openjdk-i386/jre/lib/i386/libjava.so
b678f000-b6790000 r--p 00025000 08:35 537534     /usr/lib/jvm/java-6-openjdk-i386/jre/lib/i386/libjava.so
b6790000-b6792000 rw-p 00026000 08:35 537534     /usr/lib/jvm/java-6-openjdk-i386/jre/lib/i386/libjava.so
b6792000-b6799000 r-xp 00000000 08:35 526327     /lib/i386-linux-gnu/librt-2.15.so
b6799000-b679a000 r--p 00006000 08:35 526327     /lib/i386-linux-gnu/librt-2.15.so
b679a000-b679b000 rw-p 00007000 08:35 526327     /lib/i386-linux-gnu/librt-2.15.so
b679b000-b679e000 ---p 00000000 00:00 0 
b679e000-b67ec000 rw-p 00000000 00:00 0 
b67ec000-b6808000 r-xp 00000000 08:35 526262     /lib/i386-linux-gnu/libgcc_s.so.1
b6808000-b6809000 r--p 0001b000 08:35 526262     /lib/i386-linux-gnu/libgcc_s.so.1
b6809000-b680a000 rw-p 0001c000 08:35 526262     /lib/i386-linux-gnu/libgcc_s.so.1
b680a000-b6834000 r-xp 00000000 08:35 526273     /lib/i386-linux-gnu/libm-2.15.so
b6834000-b6835000 r--p 00029000 08:35 526273     /lib/i386-linux-gnu/libm-2.15.so
b6835000-b6836000 rw-p 0002a000 08:35 526273     /lib/i386-linux-gnu/libm-2.15.so
b6836000-b690e000 r-xp 00000000 08:35 661290     /usr/lib/i386-linux-gnu/libstdc++.so.6.0.16
b690e000-b690f000 ---p 000d8000 08:35 661290     /usr/lib/i386-linux-gnu/libstdc++.so.6.0.16
b690f000-b6913000 r--p 000d8000 08:35 661290     /usr/lib/i386-linux-gnu/libstdc++.so.6.0.16
b6913000-b6914000 rw-p 000dc000 08:35 661290     /usr/lib/i386-linux-gnu/libstdc++.so.6.0.16
b6914000-b691b000 rw-p 00000000 00:00 0 
b691b000-b7139000 r-xp 00000000 08:35 537547     /usr/lib/jvm/java-6-openjdk-i386/jre/lib/i386/server/libjvm.so
b7139000-b717e000 r--p 0081e000 08:35 537547     /usr/lib/jvm/java-6-openjdk-i386/jre/lib/i386/server/libjvm.so
b717e000-b718d000 rw-p 00863000 08:35 537547     /usr/lib/jvm/java-6-openjdk-i386/jre/lib/i386/server/libjvm.so
b718d000-b75a9000 rw-p 00000000 00:00 0 
b75a9000-b75bd000 r-xp 00000000 08:35 526352     /lib/i386-linux-gnu/libz.so.1.2.3.4
b75bd000-b75be000 r--p 00013000 08:35 526352     /lib/i386-linux-gnu/libz.so.1.2.3.4
b75be000-b75bf000 rw-p 00014000 08:35 526352     /lib/i386-linux-gnu/libz.so.1.2.3.4
b75bf000-b775e000 r-xp 00000000 08:35 526241     /lib/i386-linux-gnu/libc-2.15.so
b775e000-b7760000 r--p 0019f000 08:35 526241     /lib/i386-linux-gnu/libc-2.15.so
b7760000-b7761000 rw-p 001a1000 08:35 526241     /lib/i386-linux-gnu/libc-2.15.so
b7761000-b7764000 rw-p 00000000 00:00 0 
b7764000-b7767000 r-xp 00000000 08:35 526254     /lib/i386-linux-gnu/libdl-2.15.so
b7767000-b7768000 r--p 00002000 08:35 526254     /lib/i386-linux-gnu/libdl-2.15.so
b7768000-b7769000 rw-p 00003000 08:35 526254     /lib/i386-linux-gnu/libdl-2.15.so
b7769000-b776d000 r-xp 00000000 08:35 537563     /usr/lib/jvm/java-6-openjdk-i386/jre/lib/i386/jli/libjli.so
b776d000-b776e000 r--p 00003000 08:35 537563     /usr/lib/jvm/java-6-openjdk-i386/jre/lib/i386/jli/libjli.so
b776e000-b776f000 rw-p 00004000 08:35 537563     /usr/lib/jvm/java-6-openjdk-i386/jre/lib/i386/jli/libjli.so
b776f000-b7770000 rw-p 00000000 00:00 0 
b7770000-b7787000 r-xp 00000000 08:35 526321     /lib/i386-linux-gnu/libpthread-2.15.so
b7787000-b7788000 r--p 00016000 08:35 526321     /lib/i386-linux-gnu/libpthread-2.15.so
b7788000-b7789000 rw-p 00017000 08:35 526321     /lib/i386-linux-gnu/libpthread-2.15.so
b7789000-b778b000 rw-p 00000000 00:00 0 
b7790000-b7791000 rw-p 00000000 00:00 0 
b7791000-b7792000 r--p 00000000 00:00 0 
b7792000-b779d000 r-xp 00000000 08:35 537570     /usr/lib/jvm/java-6-openjdk-i386/jre/lib/i386/libverify.so
b779d000-b779e000 ---p 0000b000 08:35 537570     /usr/lib/jvm/java-6-openjdk-i386/jre/lib/i386/libverify.so
b779e000-b779f000 r--p 0000b000 08:35 537570     /usr/lib/jvm/java-6-openjdk-i386/jre/lib/i386/libverify.so
b779f000-b77a0000 rw-p 0000c000 08:35 537570     /usr/lib/jvm/java-6-openjdk-i386/jre/lib/i386/libverify.so
b77a0000-b77a2000 rw-p 00000000 00:00 0 
b77a2000-b77a3000 r-xp 00000000 00:00 0          [vdso]
b77a3000-b77c3000 r-xp 00000000 08:35 526221     /lib/i386-linux-gnu/ld-2.15.so
b77c3000-b77c4000 r--p 0001f000 08:35 526221     /lib/i386-linux-gnu/ld-2.15.so
b77c4000-b77c5000 rw-p 00020000 08:35 526221     /lib/i386-linux-gnu/ld-2.15.so
bfedd000-bfefe000 rw-p 00000000 00:00 0          [stack]

VM Arguments:
jvm_args: -Dfile.encoding=UTF-8 -Xbootclasspath:/home/pascal/android-sdks/platforms/android-14/android.jar 
java_command: de.htwg.tetris.Tetris
Launcher Type: SUN_STANDARD

Environment Variables:
PATH=/usr/lib/lightdm/lightdm:/usr/local/sbin:/usr/local/bin:/usr/sbin:/usr/bin:/sbin:/bin:/usr/games
LD_LIBRARY_PATH=/usr/lib/jvm/java-6-openjdk-i386/jre/lib/i386/server:/usr/lib/jvm/java-6-openjdk-i386/jre/lib/i386:/usr/lib/jvm/java-6-openjdk-i386/jre/../lib/i386:/usr/lib/jvm/java-6-openjdk-i386/jre/lib/i386/client:/usr/lib/jvm/java-6-openjdk-i386/jre/lib/i386:
SHELL=/bin/bash
DISPLAY=:0

Signal Handlers:
SIGSEGV: [libjvm.so+0x66a200], sa_mask[0]=0x7ffbfeff, sa_flags=0x10000004
SIGBUS: [libjvm.so+0x66a200], sa_mask[0]=0x7ffbfeff, sa_flags=0x10000004
SIGFPE: [libjvm.so+0x52e0f0], sa_mask[0]=0x7ffbfeff, sa_flags=0x10000004
SIGPIPE: [libjvm.so+0x52e0f0], sa_mask[0]=0x7ffbfeff, sa_flags=0x10000004
SIGXFSZ: [libjvm.so+0x52e0f0], sa_mask[0]=0x7ffbfeff, sa_flags=0x10000004
SIGILL: [libjvm.so+0x52e0f0], sa_mask[0]=0x7ffbfeff, sa_flags=0x10000004
SIGUSR1: SIG_DFL, sa_mask[0]=0x00000000, sa_flags=0x00000000
SIGUSR2: [libjvm.so+0x52df80], sa_mask[0]=0x00000004, sa_flags=0x10000004
SIGHUP: SIG_DFL, sa_mask[0]=0x00000000, sa_flags=0x00000000
SIGINT: SIG_DFL, sa_mask[0]=0x00000000, sa_flags=0x00000000
SIGTERM: SIG_DFL, sa_mask[0]=0x00000000, sa_flags=0x00000000
SIGQUIT: SIG_DFL, sa_mask[0]=0x00000000, sa_flags=0x00000000


---------------  S Y S T E M  ---------------

OS:Ubuntu 12.04 (precise)
uname:Linux 3.2.0-25-generic-pae #40-Ubuntu SMP Wed May 23 22:11:24 UTC 2012 i686
libc:glibc 2.15 NPTL 2.15 
rlimit: STACK 8192k, CORE 0k, NPROC 64376, NOFILE 4096, AS infinity
load average:0.90 1.04 1.43

/proc/meminfo:
MemTotal:        8260132 kB
MemFree:          485320 kB
Buffers:          300860 kB
Cached:          5614260 kB
SwapCached:            8 kB
Active:          2950016 kB
Inactive:        4171796 kB
Active(anon):     982088 kB
Inactive(anon):   244584 kB
Active(file):    1967928 kB
Inactive(file):  3927212 kB
Unevictable:          16 kB
Mlocked:              16 kB
HighTotal:       7466440 kB
HighFree:         299868 kB
LowTotal:         793692 kB
LowFree:          185452 kB
SwapTotal:       4881404 kB
SwapFree:        4881136 kB
Dirty:               388 kB
Writeback:             0 kB
AnonPages:       1206744 kB
Mapped:           424544 kB
Shmem:             19932 kB
Slab:             278924 kB
SReclaimable:     171116 kB
SUnreclaim:       107808 kB
KernelStack:        4680 kB
PageTables:        14604 kB
NFS_Unstable:          0 kB
Bounce:                0 kB
WritebackTmp:          0 kB
CommitLimit:     9011468 kB
Committed_AS:    4602980 kB
VmallocTotal:     122880 kB
VmallocUsed:       37292 kB
VmallocChunk:      39016 kB
HardwareCorrupted:     0 kB
AnonHugePages:         0 kB
HugePages_Total:       0
HugePages_Free:        0
HugePages_Rsvd:        0
HugePages_Surp:        0
Hugepagesize:       2048 kB
DirectMap4k:        8184 kB
DirectMap2M:      905216 kB


CPU:total 8 (4 cores per cpu, 2 threads per core) family 6 model 30 stepping 5, cmov, cx8, fxsr, mmx, sse, sse2, sse3, ssse3, sse4.1, sse4.2, popcnt, ht

Memory: 4k page, physical 8260132k(485320k free), swap 4881404k(4881136k free)

vm_info: OpenJDK Server VM (20.0-b12) for linux-x86 JRE (1.6.0_24-b24), built on Apr 20 2012 14:16:21 by "buildd" with gcc 4.6.3

time: Fri Jun 29 18:25:17 2012
elapsed time: 0 seconds

